[2026-06-24 01:00:49] Awaiting approval for tool=write_file, path=None, diff_future_active=False
[2026-06-24 01:00:49] asyncio.wait finished. done_tasks=['Task'], diff_future_done=False, react_task_done=True
[2026-06-24 01:00:49] react_task completed: payload={'type': 'open_file', 'path': '.'}
[2026-06-24 01:00:49] Target path is directory, skip open_file forwarding: E:\TestProjects\tictactoe
[2026-06-24 01:00:49] asyncio.wait finished. done_tasks=['Task'], diff_future_done=False, react_task_done=True
[2026-06-24 01:00:49] react_task completed: payload={'type': 'open_file', 'path': 'styles.css'}
[2026-06-24 01:00:49] asyncio.wait finished. done_tasks=['Task'], diff_future_done=False, react_task_done=True
[2026-06-24 01:00:49] react_task completed: payload={'type': 'open_file', 'path': 'index.html'}
[2026-06-24 01:00:49] asyncio.wait finished. done_tasks=['Task'], diff_future_done=False, react_task_done=True
[2026-06-24 01:00:49] react_task completed: payload={'type': 'open_file', 'path': 'script.js'}
[2026-06-24 01:00:49] asyncio.wait finished. done_tasks=['Task'], diff_future_done=False, react_task_done=True
[2026-06-24 01:00:49] react_task completed: payload={'type': 'open_file', 'path': 'styles.css'}
[2026-06-24 01:00:58] asyncio.wait finished. done_tasks=['Task'], diff_future_done=False, react_task_done=True
[2026-06-24 01:00:58] react_task completed: payload={'approved': True}
[2026-06-24 01:00:58] React approval result: approved=True
[2026-06-24 01:02:48] Awaiting approval for tool=write_file, path=None, diff_future_active=False
[2026-06-24 01:02:48] asyncio.wait finished. done_tasks=['Task'], diff_future_done=False, react_task_done=True
[2026-06-24 01:02:48] react_task completed: payload={'type': 'open_file', 'path': 'styles.css'}
[2026-06-24 01:03:01] asyncio.wait finished. done_tasks=['Task'], diff_future_done=False, react_task_done=True
[2026-06-24 01:03:01] react_task completed: payload={'approved': True}
[2026-06-24 01:03:01] React approval result: approved=True
[2026-06-24 01:10:57] Awaiting approval for tool=write_file, path=None, diff_future_active=False
[2026-06-24 01:10:57] asyncio.wait finished. done_tasks=['Task'], diff_future_done=False, react_task_done=True
[2026-06-24 01:10:57] react_task completed: payload={'type': 'open_file', 'path': 'styles.css'}
[2026-06-24 01:11:07] asyncio.wait finished. done_tasks=['Task'], diff_future_done=False, react_task_done=True
[2026-06-24 01:11:07] react_task completed: payload={'approved': True}
[2026-06-24 01:11:07] React approval result: approved=True
[2026-06-24 01:11:42] Awaiting approval for tool=write_file, path=None, diff_future_active=False
[2026-06-24 01:11:42] asyncio.wait finished. done_tasks=['Task'], diff_future_done=False, react_task_done=True
[2026-06-24 01:11:42] react_task completed: payload={'type': 'open_file', 'path': 'styles.css'}
[2026-06-24 01:11:42] asyncio.wait finished. done_tasks=['Task'], diff_future_done=False, react_task_done=True
[2026-06-24 01:11:42] react_task completed: payload={'approved': True}
[2026-06-24 01:11:42] React approval result: approved=True
[2026-06-24 01:11:55] Awaiting approval for tool=ask_frontier_expert, path=None, diff_future_active=False
[2026-06-24 01:11:55] asyncio.wait finished. done_tasks=['Task'], diff_future_done=False, react_task_done=True
[2026-06-24 01:11:55] react_task completed: payload={'approved': True}
[2026-06-24 01:11:55] React approval result: approved=True
[2026-06-27 08:31:34] Awaiting approval for tool=replace_file_content, path=None, diff_future_active=False
[2026-06-27 08:31:34] asyncio.wait finished. done_tasks=['Task'], diff_future_done=False, react_task_done=True
[2026-06-27 08:31:34] react_task completed: payload={'type': 'open_file', 'path': '.'}
[2026-06-27 08:31:34] Target path is directory, skip open_file forwarding: E:\TestProjects\tictactoe
[2026-06-27 08:31:34] asyncio.wait finished. done_tasks=['Task'], diff_future_done=False, react_task_done=True
[2026-06-27 08:31:34] react_task completed: payload={'type': 'open_file', 'path': 'index.html'}
[2026-06-27 08:31:34] asyncio.wait finished. done_tasks=['Task'], diff_future_done=False, react_task_done=True
[2026-06-27 08:31:34] react_task completed: payload={'type': 'open_file', 'path': 'script.js'}
[2026-06-27 08:31:34] asyncio.wait finished. done_tasks=['Task'], diff_future_done=False, react_task_done=True
[2026-06-27 08:31:34] react_task completed: payload={'type': 'open_file', 'path': 'index.html'}
[2026-06-27 08:31:53] asyncio.wait finished. done_tasks=['Task'], diff_future_done=False, react_task_done=True
[2026-06-27 08:31:53] react_task completed: payload={'approved': True}
[2026-06-27 08:31:53] React approval result: approved=True
[2026-06-27 08:33:33] Awaiting approval for tool=write_file, path=None, diff_future_active=False
[2026-06-27 08:33:33] asyncio.wait finished. done_tasks=['Task'], diff_future_done=False, react_task_done=True
[2026-06-27 08:33:33] react_task completed: payload={'type': 'open_file', 'path': 'index.html'}
[2026-06-27 08:33:44] asyncio.wait finished. done_tasks=['Task'], diff_future_done=False, react_task_done=True
[2026-06-27 08:33:44] react_task completed: payload={'approved': True}
[2026-06-27 08:33:44] React approval result: approved=True
[2026-06-27 08:33:51] Awaiting approval for tool=write_file, path=None, diff_future_active=False
[2026-06-27 08:33:51] asyncio.wait finished. done_tasks=['Task'], diff_future_done=False, react_task_done=True
[2026-06-27 08:33:51] react_task completed: payload={'type': 'open_file', 'path': 'index.html'}
[2026-06-27 08:33:51] asyncio.wait finished. done_tasks=['Task'], diff_future_done=False, react_task_done=True
[2026-06-27 08:33:51] react_task completed: payload={'approved': True}
[2026-06-27 08:33:51] React approval result: approved=True
[2026-06-27 08:34:02] Awaiting approval for tool=ask_frontier_expert, path=None, diff_future_active=False
[2026-06-27 08:34:02] asyncio.wait finished. done_tasks=['Task'], diff_future_done=False, react_task_done=True
[2026-06-27 08:34:02] react_task completed: payload={'approved': True}
[2026-06-27 08:34:02] React approval result: approved=True
[2026-06-27 08:58:57] Awaiting approval for tool=replace_file_content, path=None, diff_future_active=False
[2026-06-27 08:58:57] asyncio.wait finished. done_tasks=['Task'], diff_future_done=False, react_task_done=True
[2026-06-27 08:58:57] react_task completed: payload={'type': 'open_file', 'path': '.'}
[2026-06-27 08:58:57] Target path is directory, skip open_file forwarding: E:\TestProjects\tictactoe
[2026-06-27 08:58:57] asyncio.wait finished. done_tasks=['Task'], diff_future_done=False, react_task_done=True
[2026-06-27 08:58:57] react_task completed: payload={'type': 'open_file', 'path': '.'}
[2026-06-27 08:58:57] Target path is directory, skip open_file forwarding: E:\TestProjects\tictactoe
[2026-06-27 08:58:57] asyncio.wait finished. done_tasks=['Task'], diff_future_done=False, react_task_done=True
[2026-06-27 08:58:57] react_task completed: payload={'type': 'open_file', 'path': 'index.html'}
[2026-06-27 08:58:57] asyncio.wait finished. done_tasks=['Task'], diff_future_done=False, react_task_done=True
[2026-06-27 08:58:57] react_task completed: payload={'type': 'open_file', 'path': 'script.js'}
[2026-06-27 08:58:57] asyncio.wait finished. done_tasks=['Task'], diff_future_done=False, react_task_done=True
[2026-06-27 08:58:57] react_task completed: payload={'type': 'open_file', 'path': 'index.html'}
[2026-06-27 09:06:47] asyncio.wait finished. done_tasks=['Task'], diff_future_done=False, react_task_done=True
[2026-06-27 09:06:47] react_task completed: payload={'approved': True}
[2026-06-27 09:06:47] React approval result: approved=True
[2026-06-27 09:33:41] Awaiting approval for tool=replace_file_content, path=None, diff_future_active=False
[2026-06-27 09:33:41] asyncio.wait finished. done_tasks=['Task'], diff_future_done=False, react_task_done=True
[2026-06-27 09:33:41] react_task completed: payload={'type': 'open_file', 'path': '.'}
[2026-06-27 09:33:41] Target path is directory, skip open_file forwarding: E:\TestProjects\tictactoe
[2026-06-27 09:33:41] asyncio.wait finished. done_tasks=['Task'], diff_future_done=False, react_task_done=True
[2026-06-27 09:33:41] react_task completed: payload={'type': 'open_file', 'path': 'script.js'}
[2026-06-27 09:33:41] asyncio.wait finished. done_tasks=['Task'], diff_future_done=False, react_task_done=True
[2026-06-27 09:33:41] react_task completed: payload={'type': 'open_file', 'path': 'index.html'}
[2026-06-27 09:33:41] asyncio.wait finished. done_tasks=['Task'], diff_future_done=False, react_task_done=True
[2026-06-27 09:33:41] react_task completed: payload={'type': 'open_file', 'path': 'index.html'}
[2026-06-27 09:33:45] asyncio.wait finished. done_tasks=['Task'], diff_future_done=False, react_task_done=True
[2026-06-27 09:33:45] react_task completed: payload={'approved': True}
[2026-06-27 09:33:45] React approval result: approved=True
[2026-06-27 09:33:47] Awaiting approval for tool=replace_file_content, path=None, diff_future_active=False
[2026-06-27 09:33:47] asyncio.wait finished. done_tasks=['Task'], diff_future_done=False, react_task_done=True
[2026-06-27 09:33:47] react_task completed: payload={'type': 'open_file', 'path': 'script.js'}
[2026-06-27 09:33:47] asyncio.wait finished. done_tasks=['Task'], diff_future_done=False, react_task_done=True
[2026-06-27 09:33:47] react_task completed: payload={'approved': True}
[2026-06-27 09:33:47] React approval result: approved=True
[2026-06-27 09:34:04] Awaiting approval for tool=write_file, path=None, diff_future_active=False
[2026-06-27 09:34:04] asyncio.wait finished. done_tasks=['Task'], diff_future_done=False, react_task_done=True
[2026-06-27 09:34:04] react_task completed: payload={'type': 'open_file', 'path': 'script.js'}
[2026-06-27 09:34:04] asyncio.wait finished. done_tasks=['Task'], diff_future_done=False, react_task_done=True
[2026-06-27 09:34:04] react_task completed: payload={'approved': True}
[2026-06-27 09:34:04] React approval result: approved=True
[2026-06-27 09:34:20] Awaiting approval for tool=write_file, path=None, diff_future_active=False
[2026-06-27 09:34:20] asyncio.wait finished. done_tasks=['Task'], diff_future_done=False, react_task_done=True
[2026-06-27 09:34:20] react_task completed: payload={'type': 'open_file', 'path': 'script.js'}
[2026-06-27 09:34:20] asyncio.wait finished. done_tasks=['Task'], diff_future_done=False, react_task_done=True
[2026-06-27 09:34:20] react_task completed: payload={'approved': True}
[2026-06-27 09:34:20] React approval result: approved=True
[2026-06-27 09:34:41] Awaiting approval for tool=write_file, path=None, diff_future_active=False
[2026-06-27 09:34:41] asyncio.wait finished. done_tasks=['Task'], diff_future_done=False, react_task_done=True
[2026-06-27 09:34:41] react_task completed: payload={'type': 'open_file', 'path': 'index.html'}
[2026-06-27 09:34:41] asyncio.wait finished. done_tasks=['Task'], diff_future_done=False, react_task_done=True
[2026-06-27 09:34:41] react_task completed: payload={'approved': True}
[2026-06-27 09:34:41] React approval result: approved=True
[2026-06-27 09:34:51] Awaiting approval for tool=write_file, path=None, diff_future_active=False
[2026-06-27 09:34:51] asyncio.wait finished. done_tasks=['Task'], diff_future_done=False, react_task_done=True
[2026-06-27 09:34:51] react_task completed: payload={'type': 'open_file', 'path': 'index.html'}
[2026-06-27 09:34:51] asyncio.wait finished. done_tasks=['Task'], diff_future_done=False, react_task_done=True
[2026-06-27 09:34:51] react_task completed: payload={'approved': True}
[2026-06-27 09:34:51] React approval result: approved=True
[2026-06-27 09:35:01] Awaiting approval for tool=write_file, path=None, diff_future_active=False
[2026-06-27 09:35:01] asyncio.wait finished. done_tasks=['Task'], diff_future_done=False, react_task_done=True
[2026-06-27 09:35:01] react_task completed: payload={'type': 'open_file', 'path': 'index.html'}
[2026-06-27 09:35:01] asyncio.wait finished. done_tasks=['Task'], diff_future_done=False, react_task_done=True
[2026-06-27 09:35:01] react_task completed: payload={'approved': True}
[2026-06-27 09:35:01] React approval result: approved=True
[2026-06-27 09:35:10] Awaiting approval for tool=write_file, path=None, diff_future_active=False
[2026-06-27 09:35:10] asyncio.wait finished. done_tasks=['Task'], diff_future_done=False, react_task_done=True
[2026-06-27 09:35:10] react_task completed: payload={'type': 'open_file', 'path': 'index.html'}
[2026-06-27 09:35:10] asyncio.wait finished. done_tasks=['Task'], diff_future_done=False, react_task_done=True
[2026-06-27 09:35:10] react_task completed: payload={'approved': True}
[2026-06-27 09:35:10] React approval result: approved=True
[2026-06-27 09:35:19] Awaiting approval for tool=write_file, path=None, diff_future_active=False
[2026-06-27 09:35:19] asyncio.wait finished. done_tasks=['Task'], diff_future_done=False, react_task_done=True
[2026-06-27 09:35:19] react_task completed: payload={'type': 'open_file', 'path': 'index.html'}
[2026-06-27 09:35:19] asyncio.wait finished. done_tasks=['Task'], diff_future_done=False, react_task_done=True
[2026-06-27 09:35:19] react_task completed: payload={'approved': True}
[2026-06-27 09:35:19] React approval result: approved=True
[2026-06-27 09:35:29] Awaiting approval for tool=write_file, path=None, diff_future_active=False
[2026-06-27 09:35:29] asyncio.wait finished. done_tasks=['Task'], diff_future_done=False, react_task_done=True
[2026-06-27 09:35:29] react_task completed: payload={'type': 'open_file', 'path': 'index.html'}
[2026-06-27 09:35:29] asyncio.wait finished. done_tasks=['Task'], diff_future_done=False, react_task_done=True
[2026-06-27 09:35:29] react_task completed: payload={'approved': True}
[2026-06-27 09:35:29] React approval result: approved=True
[2026-06-27 09:35:40] Awaiting approval for tool=write_file, path=None, diff_future_active=False
[2026-06-27 09:35:40] asyncio.wait finished. done_tasks=['Task'], diff_future_done=False, react_task_done=True
[2026-06-27 09:35:40] react_task completed: payload={'type': 'open_file', 'path': 'index.html'}
[2026-06-27 09:35:40] asyncio.wait finished. done_tasks=['Task'], diff_future_done=False, react_task_done=True
[2026-06-27 09:35:40] react_task completed: payload={'approved': True}
[2026-06-27 09:35:40] React approval result: approved=True
[2026-06-27 09:35:51] Awaiting approval for tool=run_command, path=None, diff_future_active=False
[2026-06-27 09:35:51] asyncio.wait finished. done_tasks=['Task'], diff_future_done=False, react_task_done=True
[2026-06-27 09:35:51] react_task completed: payload={'type': 'open_file', 'path': 'index.html'}
[2026-06-27 09:35:51] asyncio.wait finished. done_tasks=['Task'], diff_future_done=False, react_task_done=True
[2026-06-27 09:35:51] react_task completed: payload={'approved': True}
[2026-06-27 09:35:51] React approval result: approved=True
[2026-06-27 09:40:42] Awaiting approval for tool=replace_file_content, path=None, diff_future_active=False
[2026-06-27 09:40:42] asyncio.wait finished. done_tasks=['Task'], diff_future_done=False, react_task_done=True
[2026-06-27 09:40:42] react_task completed: payload={'type': 'open_file', 'path': 'script.js'}
[2026-06-27 09:40:47] asyncio.wait finished. done_tasks=['Task'], diff_future_done=False, react_task_done=True
[2026-06-27 09:40:47] react_task completed: payload={'approved': True}
[2026-06-27 09:40:47] React approval result: approved=True
[2026-06-27 09:41:12] Awaiting approval for tool=write_file, path=None, diff_future_active=False
[2026-06-27 09:41:12] asyncio.wait finished. done_tasks=['Task'], diff_future_done=False, react_task_done=True
[2026-06-27 09:41:12] react_task completed: payload={'type': 'open_file', 'path': 'script.js'}
[2026-06-27 09:41:12] asyncio.wait finished. done_tasks=['Task'], diff_future_done=False, react_task_done=True
[2026-06-27 09:41:12] react_task completed: payload={'approved': True}
[2026-06-27 09:41:12] React approval result: approved=True
[2026-06-27 09:43:01] Awaiting approval for tool=ask_frontier_expert, path=None, diff_future_active=False
[2026-06-27 09:43:01] asyncio.wait finished. done_tasks=['Task'], diff_future_done=False, react_task_done=True
[2026-06-27 09:43:01] react_task completed: payload={'approved': True}
[2026-06-27 09:43:01] React approval result: approved=True
[2026-06-27 09:43:54] Awaiting approval for tool=write_file, path=None, diff_future_active=False
[2026-06-27 09:43:54] asyncio.wait finished. done_tasks=['Task'], diff_future_done=False, react_task_done=True
[2026-06-27 09:43:54] react_task completed: payload={'approved': True}
[2026-06-27 09:43:54] React approval result: approved=True
[2026-06-27 09:44:10] Awaiting approval for tool=write_file, path=None, diff_future_active=False
[2026-06-27 09:44:10] asyncio.wait finished. done_tasks=['Task'], diff_future_done=False, react_task_done=True
[2026-06-27 09:44:10] react_task completed: payload={'approved': True}
[2026-06-27 09:44:10] React approval result: approved=True
[2026-06-27 09:44:27] Awaiting approval for tool=write_file, path=None, diff_future_active=False
[2026-06-27 09:44:27] asyncio.wait finished. done_tasks=['Task'], diff_future_done=False, react_task_done=True
[2026-06-27 09:44:27] react_task completed: payload={'approved': True}
[2026-06-27 09:44:27] React approval result: approved=True
[2026-06-27 09:44:43] Awaiting approval for tool=run_command, path=None, diff_future_active=False
[2026-06-27 09:44:43] asyncio.wait finished. done_tasks=['Task'], diff_future_done=False, react_task_done=True
[2026-06-27 09:44:43] react_task completed: payload={'approved': True}
[2026-06-27 09:44:43] React approval result: approved=True
[2026-06-27 09:45:17] Awaiting approval for tool=run_command, path=None, diff_future_active=False
[2026-06-27 09:45:17] asyncio.wait finished. done_tasks=['Task'], diff_future_done=False, react_task_done=True
[2026-06-27 09:45:17] react_task completed: payload={'approved': True}
[2026-06-27 09:45:17] React approval result: approved=True
